# JRE version: OpenJDK Runtime Environment GraalVM CE 22.3.0 (17.0.5+8) (build 17.0.5+8-jvmci-22.3-b08)
# Java VM: OpenJDK 64-Bit Server VM GraalVM CE 22.3.0 (17.0.5+8-jvmci-22.3-b08, mixed mode, sharing, tiered, jvmci, jvmci compiler, compressed oops, compressed class ptrs, parallel gc, linux-amd64)
GC Precious Log:
 CPUs: 8 total, 1 available
 Memory: 1024M
 Large Page Support: Disabled
 NUMA Support: Disabled
 Compressed Oops: Enabled (32-bit)
 Alignments: Space 512K, Generation 512K, Heap 2M
 Heap Min Capacity: 100M
 Heap Initial Capacity: 100M
 Heap Max Capacity: 512M
 Pre-touch: Disabled
 Parallel Workers: 1
Heap:
 PSYoungGen      total 77312K, used 47104K [0x00000000f5580000, 0x00000000fc000000, 0x0000000100000000)
  eden space 47104K, 100% used [0x00000000f5580000,0x00000000f8380000,0x00000000f8380000)
  from space 30208K, 0% used [0x00000000f8380000,0x00000000f8380000,0x00000000fa100000)
  to   space 30208K, 0% used [0x00000000fa100000,0x00000000fa100000,0x00000000fbe80000)
 ParOldGen       total 349696K, used 349694K [0x00000000e0000000, 0x00000000f5580000, 0x00000000f5580000)
  object space 349696K, 99% used [0x00000000e0000000,0x00000000f557fb20,0x00000000f5580000)
 Metaspace       used 55528K, committed 56512K, reserved 1105920K
  class space    used 5358K, committed 5760K, reserved 1048576K
GC Heap History (20 events):
Event: 263.820 GC heap before
{Heap before GC invocations=213 (full 134):
 PSYoungGen      total 77312K, used 47104K [0x00000000f5580000, 0x00000000fc000000, 0x0000000100000000)
  eden space 47104K, 100% used [0x00000000f5580000,0x00000000f8380000,0x00000000f8380000)
  from space 30208K, 0% used [0x00000000f8380000,0x00000000f8380000,0x00000000fa100000)
  to   space 30208K, 0% used [0x00000000fa100000,0x00000000fa100000,0x00000000fbe80000)
 ParOldGen       total 349696K, used 349695K [0x00000000e0000000, 0x00000000f5580000, 0x00000000f5580000)
  object space 349696K, 99% used [0x00000000e0000000,0x00000000f557fff8,0x00000000f5580000)
 Metaspace       used 55528K, committed 56512K, reserved 1105920K
  class space    used 5358K, committed 5760K, reserved 1048576K
}
Event: 265.680 GC heap after
{Heap after GC invocations=213 (full 134):
 PSYoungGen      total 77312K, used 47103K [0x00000000f5580000, 0x00000000fc000000, 0x0000000100000000)
  eden space 47104K, 99% used [0x00000000f5580000,0x00000000f837ff88,0x00000000f8380000)
  from space 30208K, 0% used [0x00000000fa100000,0x00000000fa100000,0x00000000fbe80000)
  to   space 30208K, 0% used [0x00000000f8380000,0x00000000f8380000,0x00000000fa100000)
 ParOldGen       total 349696K, used 349695K [0x00000000e0000000, 0x00000000f5580000, 0x00000000f5580000)
  object space 349696K, 99% used [0x00000000e0000000,0x00000000f557fff8,0x00000000f5580000)
 Metaspace       used 55528K, committed 56512K, reserved 1105920K
  class space    used 5358K, committed 5760K, reserved 1048576K
}
Event: 265.680 GC heap before
{Heap before GC invocations=214 (full 135):
 PSYoungGen      total 77312K, used 47104K [0x00000000f5580000, 0x00000000fc000000, 0x0000000100000000)
  eden space 47104K, 100% used [0x00000000f5580000,0x00000000f8380000,0x00000000f8380000)
  from space 30208K, 0% used [0x00000000fa100000,0x00000000fa100000,0x00000000fbe80000)
  to   space 30208K, 0% used [0x00000000f8380000,0x00000000f8380000,0x00000000fa100000)
 ParOldGen       total 349696K, used 349695K [0x00000000e0000000, 0x00000000f5580000, 0x00000000f5580000)
  object space 349696K, 99% used [0x00000000e0000000,0x00000000f557fff8,0x00000000f5580000)
 Metaspace       used 55528K, committed 56512K, reserved 1105920K
  class space    used 5358K, committed 5760K, reserved 1048576K
}
Event: 267.231 GC heap after
{Heap after GC invocations=214 (full 135):
 PSYoungGen      total 77312K, used 47104K [0x00000000f5580000, 0x00000000fc000000, 0x0000000100000000)
  eden space 47104K, 100% used [0x00000000f5580000,0x00000000f8380000,0x00000000f8380000)
  from space 30208K, 0% used [0x00000000f8380000,0x00000000f8380000,0x00000000fa100000)
  to   space 30208K, 0% used [0x00000000fa100000,0x00000000fa100000,0x00000000fbe80000)
 ParOldGen       total 349696K, used 349695K [0x00000000e0000000, 0x00000000f5580000, 0x00000000f5580000)
  object space 349696K, 99% used [0x00000000e0000000,0x00000000f557fff8,0x00000000f5580000)
 Metaspace       used 55528K, committed 56512K, reserved 1105920K
  class space    used 5358K, committed 5760K, reserved 1048576K
}
Event: 267.231 GC heap before
{Heap before GC invocations=215 (full 136):
 PSYoungGen      total 77312K, used 47104K [0x00000000f5580000, 0x00000000fc000000, 0x0000000100000000)
  eden space 47104K, 100% used [0x00000000f5580000,0x00000000f8380000,0x00000000f8380000)
  from space 30208K, 0% used [0x00000000f8380000,0x00000000f8380000,0x00000000fa100000)
  to   space 30208K, 0% used [0x00000000fa100000,0x00000000fa100000,0x00000000fbe80000)
 ParOldGen       total 349696K, used 349695K [0x00000000e0000000, 0x00000000f5580000, 0x00000000f5580000)
  object space 349696K, 99% used [0x00000000e0000000,0x00000000f557fff8,0x00000000f5580000)
 Metaspace       used 55528K, committed 56512K, reserved 1105920K
  class space    used 5358K, committed 5760K, reserved 1048576K
}
Event: 268.834 GC heap after
{Heap after GC invocations=215 (full 136):
 PSYoungGen      total 77312K, used 47104K [0x00000000f5580000, 0x00000000fc000000, 0x0000000100000000)
  eden space 47104K, 100% used [0x00000000f5580000,0x00000000f8380000,0x00000000f8380000)
  from space 30208K, 0% used [0x00000000fa100000,0x00000000fa100000,0x00000000fbe80000)
  to   space 30208K, 0% used [0x00000000f8380000,0x00000000f8380000,0x00000000fa100000)
 ParOldGen       total 349696K, used 349695K [0x00000000e0000000, 0x00000000f5580000, 0x00000000f5580000)
  object space 349696K, 99% used [0x00000000e0000000,0x00000000f557fff8,0x00000000f5580000)
 Metaspace       used 55528K, committed 56512K, reserved 1105920K
  class space    used 5358K, committed 5760K, reserved 1048576K
}
Event: 268.834 GC heap before
{Heap before GC invocations=216 (full 137):
 PSYoungGen      total 77312K, used 47104K [0x00000000f5580000, 0x00000000fc000000, 0x0000000100000000)
  eden space 47104K, 100% used [0x00000000f5580000,0x00000000f8380000,0x00000000f8380000)
  from space 30208K, 0% used [0x00000000fa100000,0x00000000fa100000,0x00000000fbe80000)
  to   space 30208K, 0% used [0x00000000f8380000,0x00000000f8380000,0x00000000fa100000)
 ParOldGen       total 349696K, used 349695K [0x00000000e0000000, 0x00000000f5580000, 0x00000000f5580000)
  object space 349696K, 99% used [0x00000000e0000000,0x00000000f557fff8,0x00000000f5580000)
 Metaspace       used 55528K, committed 56512K, reserved 1105920K
  class space    used 5358K, committed 5760K, reserved 1048576K
}
Event: 270.370 GC heap after
{Heap after GC invocations=216 (full 137):
 PSYoungGen      total 77312K, used 47104K [0x00000000f5580000, 0x00000000fc000000, 0x0000000100000000)
  eden space 47104K, 100% used [0x00000000f5580000,0x00000000f8380000,0x00000000f8380000)
  from space 30208K, 0% used [0x00000000f8380000,0x00000000f8380000,0x00000000fa100000)
  to   space 30208K, 0% used [0x00000000fa100000,0x00000000fa100000,0x00000000fbe80000)
 ParOldGen       total 349696K, used 349695K [0x00000000e0000000, 0x00000000f5580000, 0x00000000f5580000)
  object space 349696K, 99% used [0x00000000e0000000,0x00000000f557ffd8,0x00000000f5580000)
 Metaspace       used 55528K, committed 56512K, reserved 1105920K
  class space    used 5358K, committed 5760K, reserved 1048576K
}
Event: 270.370 GC heap before
{Heap before GC invocations=217 (full 138):
 PSYoungGen      total 77312K, used 47104K [0x00000000f5580000, 0x00000000fc000000, 0x0000000100000000)
  eden space 47104K, 100% used [0x00000000f5580000,0x00000000f8380000,0x00000000f8380000)
  from space 30208K, 0% used [0x00000000f8380000,0x00000000f8380000,0x00000000fa100000)
  to   space 30208K, 0% used [0x00000000fa100000,0x00000000fa100000,0x00000000fbe80000)
 ParOldGen       total 349696K, used 349695K [0x00000000e0000000, 0x00000000f5580000, 0x00000000f5580000)
  object space 349696K, 99% used [0x00000000e0000000,0x00000000f557ffd8,0x00000000f5580000)
 Metaspace       used 55528K, committed 56512K, reserved 1105920K
  class space    used 5358K, committed 5760K, reserved 1048576K
}
Event: 271.818 GC heap after
{Heap after GC invocations=217 (full 138):
 PSYoungGen      total 77312K, used 47104K [0x00000000f5580000, 0x00000000fc000000, 0x0000000100000000)
  eden space 47104K, 100% used [0x00000000f5580000,0x00000000f8380000,0x00000000f8380000)
  from space 30208K, 0% used [0x00000000fa100000,0x00000000fa100000,0x00000000fbe80000)
  to   space 30208K, 0% used [0x00000000f8380000,0x00000000f8380000,0x00000000fa100000)
 ParOldGen       total 349696K, used 349695K [0x00000000e0000000, 0x00000000f5580000, 0x00000000f5580000)
  object space 349696K, 99% used [0x00000000e0000000,0x00000000f557ffd8,0x00000000f5580000)
 Metaspace       used 55528K, committed 56512K, reserved 1105920K
  class space    used 5358K, committed 5760K, reserved 1048576K
}
Event: 271.820 GC heap before
{Heap before GC invocations=218 (full 139):
 PSYoungGen      total 77312K, used 47104K [0x00000000f5580000, 0x00000000fc000000, 0x0000000100000000)
  eden space 47104K, 100% used [0x00000000f5580000,0x00000000f8380000,0x00000000f8380000)
  from space 30208K, 0% used [0x00000000fa100000,0x00000000fa100000,0x00000000fbe80000)
  to   space 30208K, 0% used [0x00000000f8380000,0x00000000f8380000,0x00000000fa100000)
 ParOldGen       total 349696K, used 349695K [0x00000000e0000000, 0x00000000f5580000, 0x00000000f5580000)
  object space 349696K, 99% used [0x00000000e0000000,0x00000000f557fff8,0x00000000f5580000)
 Metaspace       used 55528K, committed 56512K, reserved 1105920K
  class space    used 5358K, committed 5760K, reserved 1048576K
}
Event: 273.425 GC heap after
{Heap after GC invocations=218 (full 139):
 PSYoungGen      total 77312K, used 47104K [0x00000000f5580000, 0x00000000fc000000, 0x0000000100000000)
  eden space 47104K, 100% used [0x00000000f5580000,0x00000000f8380000,0x00000000f8380000)
  from space 30208K, 0% used [0x00000000f8380000,0x00000000f8380000,0x00000000fa100000)
  to   space 30208K, 0% used [0x00000000fa100000,0x00000000fa100000,0x00000000fbe80000)
 ParOldGen       total 349696K, used 349693K [0x00000000e0000000, 0x00000000f5580000, 0x00000000f5580000)
  object space 349696K, 99% used [0x00000000e0000000,0x00000000f557f498,0x00000000f5580000)
 Metaspace       used 55528K, committed 56512K, reserved 1105920K
  class space    used 5358K, committed 5760K, reserved 1048576K
}
Event: 273.425 GC heap before
{Heap before GC invocations=219 (full 140):
 PSYoungGen      total 77312K, used 47104K [0x00000000f5580000, 0x00000000fc000000, 0x0000000100000000)
  eden space 47104K, 100% used [0x00000000f5580000,0x00000000f8380000,0x00000000f8380000)
  from space 30208K, 0% used [0x00000000f8380000,0x00000000f8380000,0x00000000fa100000)
  to   space 30208K, 0% used [0x00000000fa100000,0x00000000fa100000,0x00000000fbe80000)
 ParOldGen       total 349696K, used 349693K [0x00000000e0000000, 0x00000000f5580000, 0x00000000f5580000)
  object space 349696K, 99% used [0x00000000e0000000,0x00000000f557f600,0x00000000f5580000)
 Metaspace       used 55528K, committed 56512K, reserved 1105920K
  class space    used 5358K, committed 5760K, reserved 1048576K
}
Event: 274.892 GC heap after
{Heap after GC invocations=219 (full 140):
 PSYoungGen      total 77312K, used 47104K [0x00000000f5580000, 0x00000000fc000000, 0x0000000100000000)
  eden space 47104K, 100% used [0x00000000f5580000,0x00000000f8380000,0x00000000f8380000)
  from space 30208K, 0% used [0x00000000fa100000,0x00000000fa100000,0x00000000fbe80000)
  to   space 30208K, 0% used [0x00000000f8380000,0x00000000f8380000,0x00000000fa100000)
 ParOldGen       total 349696K, used 349693K [0x00000000e0000000, 0x00000000f5580000, 0x00000000f5580000)
  object space 349696K, 99% used [0x00000000e0000000,0x00000000f557f4b0,0x00000000f5580000)
 Metaspace       used 55528K, committed 56512K, reserved 1105920K
  class space    used 5358K, committed 5760K, reserved 1048576K
}
Event: 274.892 GC heap before
{Heap before GC invocations=220 (full 141):
 PSYoungGen      total 77312K, used 47104K [0x00000000f5580000, 0x00000000fc000000, 0x0000000100000000)
  eden space 47104K, 100% used [0x00000000f5580000,0x00000000f8380000,0x00000000f8380000)
  from space 30208K, 0% used [0x00000000fa100000,0x00000000fa100000,0x00000000fbe80000)
  to   space 30208K, 0% used [0x00000000f8380000,0x00000000f8380000,0x00000000fa100000)
 ParOldGen       total 349696K, used 349693K [0x00000000e0000000, 0x00000000f5580000, 0x00000000f5580000)
  object space 349696K, 99% used [0x00000000e0000000,0x00000000f557f4b0,0x00000000f5580000)
 Metaspace       used 55528K, committed 56512K, reserved 1105920K
  class space    used 5358K, committed 5760K, reserved 1048576K
}
Event: 276.423 GC heap after
{Heap after GC invocations=220 (full 141):
 PSYoungGen      total 77312K, used 47104K [0x00000000f5580000, 0x00000000fc000000, 0x0000000100000000)
  eden space 47104K, 100% used [0x00000000f5580000,0x00000000f8380000,0x00000000f8380000)
  from space 30208K, 0% used [0x00000000f8380000,0x00000000f8380000,0x00000000fa100000)
  to   space 30208K, 0% used [0x00000000fa100000,0x00000000fa100000,0x00000000fbe80000)
 ParOldGen       total 349696K, used 349693K [0x00000000e0000000, 0x00000000f5580000, 0x00000000f5580000)
  object space 349696K, 99% used [0x00000000e0000000,0x00000000f557f4b0,0x00000000f5580000)
 Metaspace       used 55528K, committed 56512K, reserved 1105920K
  class space    used 5358K, committed 5760K, reserved 1048576K
}
Event: 276.423 GC heap before
{Heap before GC invocations=221 (full 142):
 PSYoungGen      total 77312K, used 47104K [0x00000000f5580000, 0x00000000fc000000, 0x0000000100000000)
  eden space 47104K, 100% used [0x00000000f5580000,0x00000000f8380000,0x00000000f8380000)
  from space 30208K, 0% used [0x00000000f8380000,0x00000000f8380000,0x00000000fa100000)
  to   space 30208K, 0% used [0x00000000fa100000,0x00000000fa100000,0x00000000fbe80000)
 ParOldGen       total 349696K, used 349693K [0x00000000e0000000, 0x00000000f5580000, 0x00000000f5580000)
  object space 349696K, 99% used [0x00000000e0000000,0x00000000f557f4b0,0x00000000f5580000)
 Metaspace       used 55528K, committed 56512K, reserved 1105920K
  class space    used 5358K, committed 5760K, reserved 1048576K
}
Event: 277.877 GC heap after
{Heap after GC invocations=221 (full 142):
 PSYoungGen      total 77312K, used 47104K [0x00000000f5580000, 0x00000000fc000000, 0x0000000100000000)
  eden space 47104K, 100% used [0x00000000f5580000,0x00000000f8380000,0x00000000f8380000)
  from space 30208K, 0% used [0x00000000fa100000,0x00000000fa100000,0x00000000fbe80000)
  to   space 30208K, 0% used [0x00000000f8380000,0x00000000f8380000,0x00000000fa100000)
 ParOldGen       total 349696K, used 349693K [0x00000000e0000000, 0x00000000f5580000, 0x00000000f5580000)
  object space 349696K, 99% used [0x00000000e0000000,0x00000000f557f4b0,0x00000000f5580000)
 Metaspace       used 55528K, committed 56512K, reserved 1105920K
  class space    used 5358K, committed 5760K, reserved 1048576K
}
Event: 277.877 GC heap before
{Heap before GC invocations=222 (full 143):
 PSYoungGen      total 77312K, used 47104K [0x00000000f5580000, 0x00000000fc000000, 0x0000000100000000)
  eden space 47104K, 100% used [0x00000000f5580000,0x00000000f8380000,0x00000000f8380000)
  from space 30208K, 0% used [0x00000000fa100000,0x00000000fa100000,0x00000000fbe80000)
  to   space 30208K, 0% used [0x00000000f8380000,0x00000000f8380000,0x00000000fa100000)
 ParOldGen       total 349696K, used 349693K [0x00000000e0000000, 0x00000000f5580000, 0x00000000f5580000)
  object space 349696K, 99% used [0x00000000e0000000,0x00000000f557f4b0,0x00000000f5580000)
 Metaspace       used 55528K, committed 56512K, reserved 1105920K
  class space    used 5358K, committed 5760K, reserved 1048576K
}
Event: 279.262 GC heap after
{Heap after GC invocations=222 (full 143):
 PSYoungGen      total 77312K, used 47104K [0x00000000f5580000, 0x00000000fc000000, 0x0000000100000000)
  eden space 47104K, 100% used [0x00000000f5580000,0x00000000f8380000,0x00000000f8380000)
  from space 30208K, 0% used [0x00000000f8380000,0x00000000f8380000,0x00000000fa100000)
  to   space 30208K, 0% used [0x00000000fa100000,0x00000000fa100000,0x00000000fbe80000)
 ParOldGen       total 349696K, used 349693K [0x00000000e0000000, 0x00000000f5580000, 0x00000000f5580000)
  object space 349696K, 99% used [0x00000000e0000000,0x00000000f557f4b0,0x00000000f5580000)
 Metaspace       used 55528K, committed 56512K, reserved 1105920K
  class space    used 5358K, committed 5760K, reserved 1048576K
}

